#
# A fatal error has been detected by the Java Runtime Environment:
#
#  SIGBUS (0xa) at pc=0x00007fff6ad519f0, pid=5227, tid=0x0000000000000e03
#
# JRE version: Java(TM) SE Runtime Environment (8.0_131-b11) (build 1.8.0_131-b11)
# Java VM: Java HotSpot(TM) 64-Bit Server VM (25.131-b11 mixed mode bsd-amd64 compressed oops)
# Problematic frame:
# C  [libsystem_platform.dylib+0x9f0]  _platform_memmove$VARIANT$Haswell+0xf0
#
# Failed to write core dump. Core dumps have been disabled. To enable core dumping, try "ulimit -c unlimited" before starting Java again
#
# If you would like to submit a bug report, please visit:
#   http://bugreport.java.com/bugreport/crash.jsp
#

---------------  T H R E A D  ---------------

Current thread (0x00007fccef811000):  JavaThread "main" [_thread_in_vm, id=3587, stack(0x0000700006139000,0x0000700006239000)]

siginfo: si_signo: 10 (SIGBUS), si_code: 2 (BUS_ADRERR), si_addr: 0x00000001154074ef

Registers:
RAX=0x0000000795e339b8, RBX=0x0000000000000010, RCX=0x00000001154074ef, RDX=0x0000000000000400
RSP=0x0000700006238050, RBP=0x0000700006238050, RSI=0x00000001154074ef, RDI=0x0000000795e339b8
R8 =0x00000007c00007a8, R9 =0x0000000000000010, R10=0x00000001171699c8, R11=0x0000000680a2c4c9
R12=0x0000000000000000, R13=0x00007fccef811000, R14=0x0000700006238188, R15=0x00000001154074ef
RIP=0x00007fff6ad519f0, EFLAGS=0x0000000000010287, ERR=0x0000000000000004
  TRAPNO=0x000000000000000e

Top of Stack: (sp=0x0000700006238050)
0x0000700006238050:   0000700006238060 000000010cde698f
0x0000700006238060:   00007000062380b0 000000010d18323d
0x0000700006238070:   0000000000000000 00007fccef811000
0x0000700006238080:   00007fccef811000 0000000112a8dea8
0x0000700006238090:   0000000000000000 0000000112a8dea8
0x00007000062380a0:   00007000062381a8 00007fccef811000
0x00007000062380b0:   0000700006238148 00000001171699f4
0x00007000062380c0:   0000000000000400 0000000112e6a360
0x00007000062380d0:   0000000000000000 00007fccef811000
0x00007000062380e0:   0000000000000000 00007000062385e0
0x00007000062380f0:   00007fccef811000 00007000062381a0
0x0000700006238100:   0000700006238180 0000700006238108
0x0000700006238110:   0000000000000000 00007000062381a8
0x0000700006238120:   0000000112abb270 0000000000000000
0x0000700006238130:   0000000112a8dea8 0000000000000000
0x0000700006238140:   0000700006238168 00007000062381f0
0x0000700006238150:   000000011715a2bd 0000000000000000
0x0000700006238160:   0000000117163538 0000000000000400
0x0000700006238170:   00000001171bf040 0000000000000010
0x0000700006238180:   00007000062381d0 0000000795e339a8
0x0000700006238190:   00000001154074ef 00007fccef811000
0x00007000062381a0:   0000000000000000 00000007955889a0
0x00007000062381b0:   00007000062381b0 0000000112b6def2
0x00007000062381c0:   0000700006238260 0000000112b6e780
0x00007000062381d0:   0000000000000000 0000000112b6df20
0x00007000062381e0:   0000700006238168 0000700006238220
0x00007000062381f0:   00007000062382a8 000000011715a2bd
0x0000700006238200:   0000000000000400 0000000000000000
0x0000700006238210:   0000000000000010 0000000000000000
0x0000700006238220:   0000000000000400 0000000000000000
0x0000700006238230:   0000000000000000 0000000000000000
0x0000700006238240:   0000000000000010 00007000062382a8 

Instructions: (pc=0x00007fff6ad519f0)
0x00007fff6ad519d0:   42 8a 4c 06 01 42 88 4c 07 01 49 83 c0 02 48 83
0x00007fff6ad519e0:   ea 01 75 de 5d c3 66 2e 0f 1f 84 00 00 00 00 00
0x00007fff6ad519f0:   c5 fc 10 06 48 83 c7 20 48 83 e7 e0 48 89 f9 48
0x00007fff6ad51a00:   29 c1 48 01 ce 48 29 ca c5 fc 10 0e c5 fc 11 00 

Register to memory mapping:

RAX=0x0000000795e339b8 is an oop
